INFO 2022-07-25 10:34:36,348 Request: <WSGIRequest: GET '/'>
INFO 2022-07-25 10:34:36,443 Response: <HttpResponse status_code=500, "text/html">
INFO 2022-07-25 10:34:36,542 Request: <WSGIRequest: GET '/favicon.ico'>
INFO 2022-07-25 10:34:36,545 Response: <HttpResponseNotFound status_code=404, "text/html">
CRITICAL 2022-07-25 10:34:36,545 HttpResponseNotFound Error from Requested url: /favicon.ico
INFO 2022-07-25 10:34:40,856 Request: <WSGIRequest: GET '/admin/'>
INFO 2022-07-25 10:34:40,878 Response: <HttpResponseRedirect status_code=302, "text/html; charset=utf-8", url="/admin/login/?next=/admin/">
INFO 2022-07-25 10:34:40,883 Request: <WSGIRequest: GET '/admin/login/?next=/admin/'>
INFO 2022-07-25 10:34:40,911 Response: <TemplateResponse status_code=200, "text/html; charset=utf-8">
INFO 2022-07-25 10:34:42,558 Request: <WSGIRequest: POST '/admin/login/?next=/admin/'>
INFO 2022-07-25 10:34:42,713 Response: <HttpResponseRedirect status_code=302, "text/html; charset=utf-8", url="/admin/">
INFO 2022-07-25 10:34:42,717 Request: <WSGIRequest: GET '/admin/'>
INFO 2022-07-25 10:34:42,739 Response: <TemplateResponse status_code=200, "text/html; charset=utf-8">
INFO 2022-07-25 10:35:00,500 Request: <WSGIRequest: GET '/admin/songs/song/'>
INFO 2022-07-25 10:35:00,543 Response: <TemplateResponse status_code=200, "text/html; charset=utf-8">
INFO 2022-07-25 10:35:00,562 Request: <WSGIRequest: GET '/admin/jsi18n/'>
INFO 2022-07-25 10:35:00,571 Response: <HttpResponse status_code=200, "text/javascript; charset="utf-8"">
INFO 2022-07-25 10:35:02,665 Request: <WSGIRequest: GET '/admin/songs/song/add/'>
INFO 2022-07-25 10:35:02,750 Response: <TemplateResponse status_code=200, "text/html; charset=utf-8">
INFO 2022-07-25 10:35:02,761 Request: <WSGIRequest: GET '/admin/jsi18n/'>
INFO 2022-07-25 10:35:02,768 Response: <HttpResponse status_code=200, "text/javascript; charset="utf-8"">
INFO 2022-07-25 10:35:22,604 Request: <WSGIRequest: POST '/admin/songs/song/add/'>
INFO 2022-07-25 10:35:22,620 Response: <HttpResponseRedirect status_code=302, "text/html; charset=utf-8", url="/admin/songs/song/">
INFO 2022-07-25 10:35:22,627 Request: <WSGIRequest: GET '/admin/songs/song/'>
INFO 2022-07-25 10:35:22,699 Response: <TemplateResponse status_code=200, "text/html; charset=utf-8">
INFO 2022-07-25 10:35:22,712 Request: <WSGIRequest: GET '/admin/jsi18n/'>
INFO 2022-07-25 10:35:22,719 Response: <HttpResponse status_code=200, "text/javascript; charset="utf-8"">
INFO 2022-08-11 10:37:27,592 Request: <WSGIRequest: GET '/'>
INFO 2022-08-11 10:37:27,671 Response: <HttpResponse status_code=500, "text/html; charset=utf-8">
INFO 2022-08-11 10:37:27,800 Request: <WSGIRequest: GET '/favicon.ico'>
INFO 2022-08-11 10:37:27,804 Response: <HttpResponseNotFound status_code=404, "text/html; charset=utf-8">
CRITICAL 2022-08-11 10:37:27,804 HttpResponseNotFound Error from Requested url: /favicon.ico
INFO 2022-08-11 11:18:45,312 Request: <WSGIRequest: GET '/'>
INFO 2022-08-11 11:18:45,389 Response: <HttpResponse status_code=500, "text/html; charset=utf-8">
INFO 2022-08-11 11:18:45,497 Request: <WSGIRequest: GET '/favicon.ico'>
INFO 2022-08-11 11:18:45,502 Response: <HttpResponseNotFound status_code=404, "text/html; charset=utf-8">
CRITICAL 2022-08-11 11:18:45,502 HttpResponseNotFound Error from Requested url: /favicon.ico
INFO 2022-08-11 11:45:31,920 Request: <WSGIRequest: GET '/'>
INFO 2022-08-11 11:45:32,000 Response: <HttpResponse status_code=500, "text/html; charset=utf-8">
INFO 2022-08-11 11:45:32,145 Request: <WSGIRequest: GET '/favicon.ico'>
INFO 2022-08-11 11:45:32,150 Response: <HttpResponseNotFound status_code=404, "text/html; charset=utf-8">
CRITICAL 2022-08-11 11:45:32,150 HttpResponseNotFound Error from Requested url: /favicon.ico
INFO 2022-08-12 06:50:41,712 Request: <WSGIRequest: GET '/'>
INFO 2022-08-12 06:50:41,804 Response: <HttpResponse status_code=500, "text/html; charset=utf-8">
INFO 2022-08-12 06:50:41,920 Request: <WSGIRequest: GET '/favicon.ico'>
INFO 2022-08-12 06:50:41,923 Response: <HttpResponseNotFound status_code=404, "text/html; charset=utf-8">
CRITICAL 2022-08-12 06:50:41,923 HttpResponseNotFound Error from Requested url: /favicon.ico
INFO 2022-08-12 06:50:48,171 Request: <WSGIRequest: GET '/admin/'>
INFO 2022-08-12 06:50:48,191 Response: <HttpResponseRedirect status_code=302, "text/html; charset=utf-8", url="/admin/login/?next=/admin/">
INFO 2022-08-12 06:50:48,196 Request: <WSGIRequest: GET '/admin/login/?next=/admin/'>
INFO 2022-08-12 06:50:48,225 Response: <TemplateResponse status_code=200, "text/html; charset=utf-8">
INFO 2022-08-12 06:50:52,633 Request: <WSGIRequest: POST '/admin/login/?next=/admin/'>
INFO 2022-08-12 06:50:52,805 Response: <HttpResponseRedirect status_code=302, "text/html; charset=utf-8", url="/admin/">
INFO 2022-08-12 06:50:52,810 Request: <WSGIRequest: GET '/admin/'>
INFO 2022-08-12 06:50:52,831 Response: <TemplateResponse status_code=200, "text/html; charset=utf-8">
INFO 2022-08-12 06:51:09,451 Request: <WSGIRequest: GET '/admin/users/user/'>
INFO 2022-08-12 06:51:09,519 Response: <TemplateResponse status_code=200, "text/html; charset=utf-8">
INFO 2022-08-12 06:51:09,546 Request: <WSGIRequest: GET '/admin/jsi18n/'>
INFO 2022-08-12 06:51:09,563 Response: <HttpResponse status_code=200, "text/javascript; charset="utf-8"">
INFO 2022-08-12 06:51:12,758 Request: <WSGIRequest: GET '/admin/users/user/add/'>
INFO 2022-08-12 06:51:12,874 Response: <TemplateResponse status_code=200, "text/html; charset=utf-8">
INFO 2022-08-12 06:51:12,921 Request: <WSGIRequest: GET '/admin/jsi18n/'>
INFO 2022-08-12 06:51:12,939 Response: <HttpResponse status_code=200, "text/javascript; charset="utf-8"">
INFO 2022-08-12 06:51:24,933 Request: <WSGIRequest: POST '/admin/users/user/add/'>
INFO 2022-08-12 06:51:24,975 Response: <HttpResponseRedirect status_code=302, "text/html; charset=utf-8", url="/admin/users/user/">
INFO 2022-08-12 06:51:24,981 Request: <WSGIRequest: GET '/admin/users/user/'>
INFO 2022-08-12 06:51:25,015 Response: <TemplateResponse status_code=200, "text/html; charset=utf-8">
INFO 2022-08-12 06:51:25,039 Request: <WSGIRequest: GET '/admin/jsi18n/'>
INFO 2022-08-12 06:51:25,053 Response: <HttpResponse status_code=200, "text/javascript; charset="utf-8"">
INFO 2022-08-12 06:51:28,599 Request: <WSGIRequest: GET '/admin/users/user/2/change/'>
INFO 2022-08-12 06:51:28,748 Response: <TemplateResponse status_code=200, "text/html; charset=utf-8">
INFO 2022-08-12 06:51:28,770 Request: <WSGIRequest: GET '/admin/jsi18n/'>
INFO 2022-08-12 06:51:28,778 Response: <HttpResponse status_code=200, "text/javascript; charset="utf-8"">
INFO 2022-08-12 06:51:32,547 Request: <WSGIRequest: POST '/admin/users/user/2/change/'>
INFO 2022-08-12 06:51:32,590 Response: <HttpResponseRedirect status_code=302, "text/html; charset=utf-8", url="/admin/users/user/">
INFO 2022-08-12 06:51:32,596 Request: <WSGIRequest: GET '/admin/users/user/'>
INFO 2022-08-12 06:51:32,628 Response: <TemplateResponse status_code=200, "text/html; charset=utf-8">
INFO 2022-08-12 06:51:32,692 Request: <WSGIRequest: GET '/admin/jsi18n/'>
INFO 2022-08-12 06:51:32,706 Response: <HttpResponse status_code=200, "text/javascript; charset="utf-8"">
INFO 2022-08-12 06:51:39,045 Request: <WSGIRequest: GET '/admin/users/user/2/change/'>
INFO 2022-08-12 06:51:39,181 Response: <TemplateResponse status_code=200, "text/html; charset=utf-8">
INFO 2022-08-12 06:51:39,202 Request: <WSGIRequest: GET '/admin/jsi18n/'>
INFO 2022-08-12 06:51:39,215 Response: <HttpResponse status_code=200, "text/javascript; charset="utf-8"">
INFO 2022-08-12 06:52:48,302 Request: <WSGIRequest: GET '/admin/songs/album/'>
INFO 2022-08-12 06:52:48,337 Response: <TemplateResponse status_code=200, "text/html; charset=utf-8">
INFO 2022-08-12 06:52:48,369 Request: <WSGIRequest: GET '/admin/jsi18n/'>
INFO 2022-08-12 06:52:48,383 Response: <HttpResponse status_code=200, "text/javascript; charset="utf-8"">
INFO 2022-08-12 06:52:50,476 Request: <WSGIRequest: GET '/admin/songs/album/add/'>
INFO 2022-08-12 06:52:50,530 Response: <TemplateResponse status_code=200, "text/html; charset=utf-8">
INFO 2022-08-12 06:52:50,553 Request: <WSGIRequest: GET '/admin/jsi18n/'>
INFO 2022-08-12 06:52:50,567 Response: <HttpResponse status_code=200, "text/javascript; charset="utf-8"">
INFO 2022-08-12 06:53:08,958 Request: <WSGIRequest: GET '/admin/playlists/playlist/'>
INFO 2022-08-12 06:53:08,996 Response: <TemplateResponse status_code=200, "text/html; charset=utf-8">
INFO 2022-08-12 06:53:09,020 Request: <WSGIRequest: GET '/admin/jsi18n/'>
INFO 2022-08-12 06:53:09,028 Response: <HttpResponse status_code=200, "text/javascript; charset="utf-8"">
INFO 2022-08-12 06:53:11,068 Request: <WSGIRequest: GET '/admin/playlists/playlist/add/'>
INFO 2022-08-12 06:53:11,114 Response: <TemplateResponse status_code=200, "text/html; charset=utf-8">
INFO 2022-08-12 06:53:11,131 Request: <WSGIRequest: GET '/admin/jsi18n/'>
INFO 2022-08-12 06:53:11,138 Response: <HttpResponse status_code=200, "text/javascript; charset="utf-8"">
INFO 2022-08-12 06:53:21,102 Request: <WSGIRequest: POST '/admin/playlists/playlist/add/'>
INFO 2022-08-12 06:53:21,132 Response: <HttpResponseRedirect status_code=302, "text/html; charset=utf-8", url="/admin/playlists/playlist/">
INFO 2022-08-12 06:53:21,138 Request: <WSGIRequest: GET '/admin/playlists/playlist/'>
INFO 2022-08-12 06:53:21,174 Response: <TemplateResponse status_code=200, "text/html; charset=utf-8">
INFO 2022-08-12 06:53:21,192 Request: <WSGIRequest: GET '/admin/jsi18n/'>
INFO 2022-08-12 06:53:21,201 Response: <HttpResponse status_code=200, "text/javascript; charset="utf-8"">
INFO 2022-08-12 07:02:11,844 Request: <WSGIRequest: GET '/'>
INFO 2022-08-12 07:02:12,009 Response: <HttpResponse status_code=500, "text/html; charset=utf-8">
INFO 2022-08-12 07:02:16,078 Request: <WSGIRequest: GET '/admin/'>
INFO 2022-08-12 07:02:16,140 Response: <TemplateResponse status_code=200, "text/html; charset=utf-8">
INFO 2022-08-12 07:02:18,653 Request: <WSGIRequest: GET '/admin/playlists/playlist/'>
INFO 2022-08-12 07:02:18,716 Response: <TemplateResponse status_code=200, "text/html; charset=utf-8">
INFO 2022-08-12 07:02:18,734 Request: <WSGIRequest: GET '/admin/jsi18n/'>
INFO 2022-08-12 07:02:18,742 Response: <HttpResponse status_code=200, "text/javascript; charset="utf-8"">
INFO 2022-08-12 07:05:38,502 Request: <WSGIRequest: GET '/admin/users/user/'>
INFO 2022-08-12 07:05:38,545 Response: <TemplateResponse status_code=200, "text/html; charset=utf-8">
INFO 2022-08-12 07:05:38,569 Request: <WSGIRequest: GET '/admin/jsi18n/'>
INFO 2022-08-12 07:05:38,578 Response: <HttpResponse status_code=200, "text/javascript; charset="utf-8"">
INFO 2022-08-12 07:05:39,993 Request: <WSGIRequest: GET '/admin/users/user/2/change/'>
INFO 2022-08-12 07:05:40,157 Response: <TemplateResponse status_code=200, "text/html; charset=utf-8">
INFO 2022-08-12 07:05:40,172 Request: <WSGIRequest: GET '/admin/jsi18n/'>
INFO 2022-08-12 07:05:40,180 Response: <HttpResponse status_code=200, "text/javascript; charset="utf-8"">
INFO 2022-08-12 11:09:29,239 Request: <WSGIRequest: GET '/'>
INFO 2022-08-12 11:09:29,383 Response: <HttpResponse status_code=500, "text/html">
INFO 2022-08-12 11:09:29,442 Request: <WSGIRequest: GET '/favicon.ico'>
INFO 2022-08-12 11:09:29,453 Response: <HttpResponseNotFound status_code=404, "text/html">
CRITICAL 2022-08-12 11:09:29,453 HttpResponseNotFound Error from Requested url: /favicon.ico
INFO 2022-08-12 11:09:29,772 Request: <WSGIRequest: GET '/'>
INFO 2022-08-12 11:09:29,889 Response: <HttpResponse status_code=500, "text/html">
INFO 2022-08-12 11:09:30,261 Request: <WSGIRequest: GET '/'>
INFO 2022-08-12 11:09:30,390 Response: <HttpResponse status_code=500, "text/html">
INFO 2022-08-12 11:09:31,504 Request: <WSGIRequest: GET '/'>
INFO 2022-08-12 11:09:31,605 Response: <HttpResponse status_code=500, "text/html">
INFO 2022-08-12 11:11:43,973 Request: <WSGIRequest: GET '/'>
INFO 2022-08-12 11:11:44,093 Response: <HttpResponse status_code=500, "text/html">
INFO 2022-08-12 11:14:19,834 Request: <WSGIRequest: GET '/'>
INFO 2022-08-12 11:14:19,970 Response: <HttpResponse status_code=500, "text/html">
INFO 2022-08-12 11:14:20,521 Request: <WSGIRequest: GET '/'>
INFO 2022-08-12 11:14:20,651 Response: <HttpResponse status_code=500, "text/html">
INFO 2022-08-12 11:15:58,334 Request: <WSGIRequest: GET '/admin/'>
INFO 2022-08-12 11:15:58,363 Response: <HttpResponseRedirect status_code=302, "text/html; charset=utf-8", url="/admin/login/?next=/admin/">
INFO 2022-08-12 11:15:58,368 Request: <WSGIRequest: GET '/admin/login/?next=/admin/'>
INFO 2022-08-12 11:15:58,407 Response: <TemplateResponse status_code=200, "text/html; charset=utf-8">
INFO 2022-08-12 11:16:01,114 Request: <WSGIRequest: POST '/admin/login/?next=/admin/'>
INFO 2022-08-12 11:16:01,221 Response: <HttpResponse status_code=500, "text/html">
INFO 2022-08-12 11:16:06,922 Request: <WSGIRequest: GET '/admin/login/?next=/admin/'>
INFO 2022-08-12 11:16:06,955 Response: <TemplateResponse status_code=200, "text/html; charset=utf-8">
INFO 2022-08-12 11:16:18,542 Request: <WSGIRequest: POST '/admin/login/?next=/admin/'>
INFO 2022-08-12 11:16:18,651 Response: <HttpResponse status_code=500, "text/html">
INFO 2022-08-12 11:16:20,922 Request: <WSGIRequest: GET '/admin/login/?next=/admin/'>
INFO 2022-08-12 11:16:20,956 Response: <TemplateResponse status_code=200, "text/html; charset=utf-8">
INFO 2022-08-12 11:18:29,806 Request: <WSGIRequest: GET '/playlists/'>
INFO 2022-08-12 11:18:29,831 Response: <Response status_code=401, "text/html; charset=utf-8">
INFO 2022-08-12 11:39:20,561 Request: <WSGIRequest: GET '/'>
INFO 2022-08-12 11:39:20,672 Response: <HttpResponse status_code=500, "text/html">
ERROR 2022-08-13 05:09:15,225 Invalid HTTP_HOST header: '0.0.0.0:8000'. You may need to add '0.0.0.0' to ALLOWED_HOSTS.
ERROR 2022-08-13 05:09:15,349 Invalid HTTP_HOST header: '0.0.0.0:8000'. You may need to add '0.0.0.0' to ALLOWED_HOSTS.
ERROR 2022-08-13 05:11:45,196 Invalid HTTP_HOST header: '0.0.0.0:8000'. You may need to add '0.0.0.0' to ALLOWED_HOSTS.
ERROR 2022-08-13 05:11:45,317 Invalid HTTP_HOST header: '0.0.0.0:8000'. You may need to add '0.0.0.0' to ALLOWED_HOSTS.
ERROR 2022-08-13 05:11:59,380 Invalid HTTP_HOST header: '0.0.0.0:8000'. You may need to add '0.0.0.0' to ALLOWED_HOSTS.
ERROR 2022-08-13 05:11:59,510 Invalid HTTP_HOST header: '0.0.0.0:8000'. You may need to add '0.0.0.0' to ALLOWED_HOSTS.
ERROR 2022-08-13 06:07:38,932 Invalid HTTP_HOST header: '0.0.0.0:8000'. You may need to add '0.0.0.0' to ALLOWED_HOSTS.
ERROR 2022-08-13 06:07:39,060 Invalid HTTP_HOST header: '0.0.0.0:8000'. You may need to add '0.0.0.0' to ALLOWED_HOSTS.
ERROR 2022-08-13 06:09:35,630 Invalid HTTP_HOST header: '0.0.0.0:8000'. You may need to add '0.0.0.0' to ALLOWED_HOSTS.
ERROR 2022-08-13 06:09:35,747 Invalid HTTP_HOST header: '0.0.0.0:8000'. You may need to add '0.0.0.0' to ALLOWED_HOSTS.
ERROR 2022-08-13 06:09:41,512 Invalid HTTP_HOST header: '0.0.0.0:8000'. You may need to add '0.0.0.0' to ALLOWED_HOSTS.
ERROR 2022-08-13 06:09:41,639 Invalid HTTP_HOST header: '0.0.0.0:8000'. You may need to add '0.0.0.0' to ALLOWED_HOSTS.
ERROR 2022-08-13 06:09:44,440 Invalid HTTP_HOST header: '0.0.0.0:8000'. You may need to add '0.0.0.0' to ALLOWED_HOSTS.
ERROR 2022-08-13 06:17:36,300 Invalid HTTP_HOST header: '0.0.0.0:8000'. You may need to add '0.0.0.0' to ALLOWED_HOSTS.
ERROR 2022-08-13 06:17:36,410 Invalid HTTP_HOST header: '0.0.0.0:8000'. You may need to add '0.0.0.0' to ALLOWED_HOSTS.
INFO 2022-08-13 06:27:10,910 Request: <WSGIRequest: GET '/'>
INFO 2022-08-13 06:27:11,024 Response: <HttpResponse status_code=500, "text/html">
INFO 2022-08-13 06:27:11,244 Request: <WSGIRequest: GET '/favicon.ico'>
INFO 2022-08-13 06:27:11,257 Response: <HttpResponseNotFound status_code=404, "text/html">
CRITICAL 2022-08-13 06:27:11,257 HttpResponseNotFound Error from Requested url: /favicon.ico
ERROR 2022-08-13 07:14:45,316 Invalid HTTP_HOST header: '127.0.0.1:8000'. You may need to add '127.0.0.1' to ALLOWED_HOSTS.
INFO 2022-08-13 07:14:55,645 Request: <WSGIRequest: GET '/'>
INFO 2022-08-13 07:14:55,733 Response: <HttpResponse status_code=500, "text/html">
INFO 2022-08-13 07:15:05,886 Request: <WSGIRequest: GET '/playlists/'>
INFO 2022-08-13 07:15:05,888 Response: <Response status_code=401, "application/json">
INFO 2022-08-13 07:16:33,056 Request: <WSGIRequest: GET '/playlists/'>
INFO 2022-08-13 07:16:33,058 Response: <Response status_code=403, "application/json">
INFO 2022-08-13 07:16:34,298 Request: <WSGIRequest: GET '/playlists/'>
INFO 2022-08-13 07:16:34,298 Response: <Response status_code=403, "application/json">
INFO 2022-08-13 07:17:45,985 Request: <WSGIRequest: GET '/playlists/'>
INFO 2022-08-13 07:17:46,082 Response: <HttpResponse status_code=500, "text/html">
INFO 2022-08-13 07:17:54,752 Request: <WSGIRequest: GET '/playlists/'>
INFO 2022-08-13 07:17:54,827 Response: <HttpResponse status_code=500, "text/html">
INFO 2022-08-13 07:19:00,995 Request: <WSGIRequest: GET '/playlistsd'>
INFO 2022-08-13 07:19:00,999 Response: <HttpResponseNotFound status_code=404, "text/html">
CRITICAL 2022-08-13 07:19:00,999 HttpResponseNotFound Error from Requested url: /playlistsd
INFO 2022-08-13 07:19:07,582 Request: <WSGIRequest: GET '/playlists/'>
INFO 2022-08-13 07:19:07,650 Response: <HttpResponse status_code=500, "text/html">
INFO 2022-08-13 07:19:09,036 Request: <WSGIRequest: GET '/playlists/'>
INFO 2022-08-13 07:19:09,095 Response: <HttpResponse status_code=500, "text/html">
INFO 2022-08-13 07:23:02,927 Request: <WSGIRequest: GET '/playlists/'>
INFO 2022-08-13 07:23:02,934 Response: <Response status_code=200, "application/json">
INFO 2022-08-13 07:25:11,103 Request: <WSGIRequest: GET '/fd'>
INFO 2022-08-13 07:25:11,108 Response: <HttpResponseNotFound status_code=404, "text/html">
CRITICAL 2022-08-13 07:25:11,108 HttpResponseNotFound Error from Requested url: /fd
INFO 2022-08-13 07:25:28,807 Request: <WSGIRequest: POST '/signup/'>
INFO 2022-08-13 07:25:28,808 Response: <Response status_code=400, "application/json">
INFO 2022-08-13 07:26:14,943 Request: <WSGIRequest: POST '/signup/'>
INFO 2022-08-13 07:26:14,954 Response: <Response status_code=400, "application/json">
INFO 2022-08-13 07:27:35,286 Request: <WSGIRequest: POST '/signup/'>
INFO 2022-08-13 07:27:35,313 Response: <Response status_code=400, "application/json">
INFO 2022-08-13 07:27:58,846 Request: <WSGIRequest: POST '/signup/'>
INFO 2022-08-13 07:27:59,116 Response: <HttpResponse status_code=500, "text/html">
INFO 2022-08-13 07:28:57,046 Request: <WSGIRequest: POST '/signup/'>
INFO 2022-08-13 07:28:57,077 Response: <Response status_code=400, "application/json">
INFO 2022-08-13 07:29:25,729 Request: <WSGIRequest: POST '/signup/'>
INFO 2022-08-13 07:29:32,027 Response: <HttpResponse status_code=500, "text/html">
INFO 2022-08-13 07:33:00,686 Request: <WSGIRequest: POST '/signup/'>
INFO 2022-08-13 07:33:07,007 Response: <HttpResponse status_code=500, "text/html">
INFO 2022-08-13 07:58:25,055 Request: <WSGIRequest: POST '/signup/'>
INFO 2022-08-13 07:58:31,354 Response: <HttpResponse status_code=500, "text/html">
INFO 2022-08-13 09:11:32,972 Request: <WSGIRequest: POST '/signup/'>
INFO 2022-08-13 09:11:39,255 Response: <HttpResponse status_code=500, "text/html">
INFO 2022-08-13 09:32:24,901 Request: <WSGIRequest: POST '/signup/'>
INFO 2022-08-13 09:32:31,210 Response: <HttpResponse status_code=500, "text/html">
INFO 2022-08-13 10:07:54,898 Request: <WSGIRequest: POST '/signup/'>
INFO 2022-08-13 10:08:01,205 Response: <HttpResponse status_code=500, "text/html">
INFO 2022-08-13 10:11:07,187 Request: <WSGIRequest: POST '/signup/'>
INFO 2022-08-13 10:11:13,471 Response: <HttpResponse status_code=500, "text/html">
INFO 2022-08-13 10:38:47,780 Request: <WSGIRequest: POST '/signup/'>
INFO 2022-08-13 10:38:54,072 Response: <HttpResponse status_code=500, "text/html">
INFO 2022-08-14 10:20:09,515 Request: <WSGIRequest: GET '/'>
INFO 2022-08-14 10:20:09,667 Response: <HttpResponse status_code=500, "text/html">
INFO 2022-08-14 10:20:09,792 Request: <WSGIRequest: GET '/favicon.ico'>
INFO 2022-08-14 10:20:09,797 Response: <HttpResponseNotFound status_code=404, "text/html">
CRITICAL 2022-08-14 10:20:09,798 HttpResponseNotFound Error from Requested url: /favicon.ico
INFO 2022-08-15 05:54:09,377 Request: <WSGIRequest: GET '/'>
INFO 2022-08-15 05:54:09,475 Response: <HttpResponse status_code=500, "text/html">
INFO 2022-08-15 05:54:09,802 Request: <WSGIRequest: GET '/favicon.ico'>
INFO 2022-08-15 05:54:09,805 Response: <HttpResponseNotFound status_code=404, "text/html">
CRITICAL 2022-08-15 05:54:09,805 HttpResponseNotFound Error from Requested url: /favicon.ico
INFO 2022-08-15 06:04:37,538 Request: <WSGIRequest: POST '/signup/'>
INFO 2022-08-15 06:04:37,580 Response: <Response status_code=400, "application/json">
